<?xml version="1.0" encoding="UTF-8"?>
<!-- Generated by org.testng.reporters.JUnitReportReporter -->
<testsuite hostname="DESKTOP-D16QTRN" failures="0" tests="2" name="junitpack.Practice2" time="19.179" errors="0" timestamp="2019-12-25T12:49:13 IST" skipped="0">
  <testcase classname="junitpack.Practice2" name="x" time="10.723"/>
  <testcase classname="junitpack.Practice2" name="f11" time="8.456"/>
</testsuite> <!-- junitpack.Practice2 -->
