<?xml version="1.0" encoding="UTF-8"?>
<!-- Generated by org.testng.reporters.JUnitReportReporter -->
<testsuite hostname="DESKTOP-D16QTRN" failures="0" tests="2" name="junitpack.PracticeTestNG" time="24.362" errors="0" timestamp="2019-12-25T12:49:13 IST" skipped="0">
  <testcase classname="junitpack.PracticeTestNG" name="x" time="12.701"/>
  <testcase classname="junitpack.PracticeTestNG" name="f11" time="11.661"/>
</testsuite> <!-- junitpack.PracticeTestNG -->
