<?xml version="1.0" encoding="UTF-8"?>
<!-- Generated by org.testng.reporters.JUnitReportReporter -->
<testsuite hostname="DESKTOP-D16QTRN" failures="0" tests="1" name="junitpack.NewTest" time="0.010" errors="0" timestamp="2019-12-22T22:24:55 IST" skipped="0">
  <testcase classname="junitpack.NewTest" name="f" time="0.010"/>
</testsuite> <!-- junitpack.NewTest -->
