<?xml version="1.0" encoding="UTF-8"?>
<!-- Generated by org.testng.reporters.JUnitReportReporter -->
<testsuite hostname="DESKTOP-D16QTRN" failures="0" tests="2" name="junitpack.DataCls" time="19.643" errors="0" timestamp="2019-12-25T13:47:57 IST" skipped="0">
  <testcase classname="junitpack.DataCls" name="f" time="11.469"/>
  <testcase classname="junitpack.DataCls" name="f" time="8.174"/>
</testsuite> <!-- junitpack.DataCls -->
